<?xml version="1.0" encoding="UTF-8"?>
<!-- Generated by org.testng.reporters.JUnitReportReporter -->
<testsuite hostname="DESKTOP-BDCU2EV" failures="0" tests="1" name="runner.CucumberRunnerTests" time="36.947" errors="0" timestamp="2023-07-14T10:35:10 IST" skipped="0">
  <testcase classname="runner.CucumberRunnerTests" name="runScenario" time="36.947"/>
  <system-out/>
</testsuite> <!-- runner.CucumberRunnerTests -->
